This is pdfTeX, Version 3.1415926-1.40.10 (TeX Live 2009/Debian) (format=pdflatex 2010.12.7)  16 JAN 2012 20:52
entering extended mode
 restricted \write18 enabled.
 %&-line parsing enabled.
**rcu_report.tex
(./rcu_report.tex
LaTeX2e <2009/09/24>
Babel <v3.8l> and hyphenation patterns for english, usenglishmax, dumylang, noh
yphenation, loaded.
(/usr/share/texmf-texlive/tex/latex/base/article.cls
Document Class: article 2007/10/19 v1.4h Standard LaTeX document class
(/usr/share/texmf-texlive/tex/latex/base/size10.clo
File: size10.clo 2007/10/19 v1.4h Standard LaTeX file (size option)
)
\c@part=\count79
\c@section=\count80
\c@subsection=\count81
\c@subsubsection=\count82
\c@paragraph=\count83
\c@subparagraph=\count84
\c@figure=\count85
\c@table=\count86
\abovecaptionskip=\skip41
\belowcaptionskip=\skip42
\bibindent=\dimen102
)
(/usr/share/texmf-texlive/tex/latex/graphics/graphicx.sty
Package: graphicx 1999/02/16 v1.0f Enhanced LaTeX Graphics (DPC,SPQR)

(/usr/share/texmf-texlive/tex/latex/graphics/keyval.sty
Package: keyval 1999/03/16 v1.13 key=value parser (DPC)
\KV@toks@=\toks14
)
(/usr/share/texmf-texlive/tex/latex/graphics/graphics.sty
Package: graphics 2009/02/05 v1.0o Standard LaTeX Graphics (DPC,SPQR)

(/usr/share/texmf-texlive/tex/latex/graphics/trig.sty
Package: trig 1999/03/16 v1.09 sin cos tan (DPC)
)
(/etc/texmf/tex/latex/config/graphics.cfg
File: graphics.cfg 2009/08/28 v1.8 graphics configuration of TeX Live
)
Package graphics Info: Driver file: pdftex.def on input line 91.

(/usr/share/texmf-texlive/tex/latex/pdftex-def/pdftex.def
File: pdftex.def 2009/08/25 v0.04m Graphics/color for pdfTeX
\Gread@gobject=\count87
))
\Gin@req@height=\dimen103
\Gin@req@width=\dimen104
)
(/usr/share/texmf-texlive/tex/latex/fancyvrb/fancyvrb.sty
Package: fancyvrb 2008/02/07

Style option: `fancyvrb' v2.7a, with DG/SPQR fixes, and firstline=lastline fix 
<2008/02/07> (tvz)
\FV@CodeLineNo=\count88
\FV@InFile=\read1
\FV@TabBox=\box26
\c@FancyVerbLine=\count89
\FV@StepNumber=\count90
\FV@OutFile=\write3
) (/usr/share/texmf-texlive/tex/latex/listings/listings.sty
\lst@mode=\count91
\lst@gtempboxa=\box27
\lst@token=\toks15
\lst@length=\count92
\lst@currlwidth=\dimen105
\lst@column=\count93
\lst@pos=\count94
\lst@lostspace=\dimen106
\lst@width=\dimen107
\lst@newlines=\count95
\lst@lineno=\count96
\lst@maxwidth=\dimen108

(/usr/share/texmf-texlive/tex/latex/listings/lstmisc.sty
File: lstmisc.sty 2007/02/22 1.4 (Carsten Heinz)
\c@lstnumber=\count97
\lst@skipnumbers=\count98
\lst@framebox=\box28
)
(/usr/share/texmf-texlive/tex/latex/listings/listings.cfg
File: listings.cfg 2007/02/22 1.4 listings configuration
))
Package: listings 2007/02/22 1.4 (Carsten Heinz)

(/usr/share/texmf-texlive/tex/latex/oberdiek/epstopdf.sty
Package: epstopdf 2009/10/17 v2.4 Conversion with epstopdf on the fly (HO)

(/usr/share/texmf-texlive/tex/latex/oberdiek/epstopdf-base.sty
Package: epstopdf-base 2009/10/17 v2.4 Base part for package epstopdf

(/usr/share/texmf-texlive/tex/generic/oberdiek/infwarerr.sty
Package: infwarerr 2007/09/09 v1.2 Providing info/warning/message (HO)
)
(/usr/share/texmf-texlive/tex/latex/oberdiek/grfext.sty
Package: grfext 2007/09/30 v1.0 Managing graphics extensions (HO)
)
(/usr/share/texmf-texlive/tex/latex/oberdiek/kvoptions.sty
Package: kvoptions 2009/08/13 v3.4 Keyval support for LaTeX options (HO)

(/usr/share/texmf-texlive/tex/generic/oberdiek/kvsetkeys.sty
Package: kvsetkeys 2009/07/30 v1.5 Key value parser with default handler suppor
t (HO)

(/usr/share/texmf-texlive/tex/generic/oberdiek/etexcmds.sty
Package: etexcmds 2007/12/12 v1.2 Prefix for e-TeX command names (HO)
Package etexcmds Info: Could not find \expanded.
(etexcmds)             That can mean that you are not using pdfTeX 1.50 or
(etexcmds)             that some package has redefined \expanded.
(etexcmds)             In the latter case, load this package earlier.
)))
(/usr/share/texmf-texlive/tex/generic/oberdiek/pdftexcmds.sty
Package: pdftexcmds 2009/09/23 v0.6 LuaTeX support for pdfTeX utility functions
 (HO)

(/usr/share/texmf-texlive/tex/generic/oberdiek/ifluatex.sty
Package: ifluatex 2009/04/17 v1.2 Provides the ifluatex switch (HO)
Package ifluatex Info: LuaTeX not detected.
)
(/usr/share/texmf-texlive/tex/generic/oberdiek/ltxcmds.sty
Package: ltxcmds 2009/08/05 v1.0 Some LaTeX kernel commands for general use (HO
)
)
Package pdftexcmds Info: LuaTeX not detected.
Package pdftexcmds Info: \pdf@primitive is available.
Package pdftexcmds Info: \pdf@ifprimitive is available.
)
Package grfext Info: Graphics extension search list:
(grfext)             [.png,.pdf,.jpg,.mps,.jpeg,.jbig2,.jb2,.PNG,.PDF,.JPG,.JPE
G,.JBIG2,.JB2,.eps]
(grfext)             \AppendGraphicsExtensions on input line 433.

(/usr/share/texmf-texlive/tex/latex/latexconfig/epstopdf-sys.cfg
File: epstopdf-sys.cfg 2009/10/26 v1.1 Configuration of epstopdf for TeX Live
)))
(/usr/share/texmf-texlive/tex/latex/psnfss/courier.sty
Package: courier 2005/04/12 PSNFSS-v9.2a (WaS) 
)
(/usr/share/texmf-texlive/tex/latex/hyperref/hyperref.sty
Package: hyperref 2009/10/09 v6.79a Hypertext links for LaTeX

(/usr/share/texmf-texlive/tex/generic/oberdiek/ifpdf.sty
Package: ifpdf 2009/04/10 v2.0 Provides the ifpdf switch (HO)
Package ifpdf Info: pdfTeX in pdf mode detected.
)
(/usr/share/texmf-texlive/tex/generic/oberdiek/ifvtex.sty
Package: ifvtex 2008/11/04 v1.4 Switches for detecting VTeX and its modes (HO)
Package ifvtex Info: VTeX not detected.
)
(/usr/share/texmf-texlive/tex/generic/ifxetex/ifxetex.sty
Package: ifxetex 2009/01/23 v0.5 Provides ifxetex conditional
)
(/usr/share/texmf-texlive/tex/latex/oberdiek/hycolor.sty
Package: hycolor 2009/10/02 v1.5 Code for color options of hyperref/bookmark (H
O)

(/usr/share/texmf-texlive/tex/latex/oberdiek/xcolor-patch.sty
Package: xcolor-patch 2009/10/02 xcolor patch
))
\@linkdim=\dimen109
\Hy@linkcounter=\count99
\Hy@pagecounter=\count100

(/usr/share/texmf-texlive/tex/latex/hyperref/pd1enc.def
File: pd1enc.def 2009/10/09 v6.79a Hyperref: PDFDocEncoding definition (HO)
)
(/usr/share/texmf-texlive/tex/latex/latexconfig/hyperref.cfg
File: hyperref.cfg 2002/06/06 v1.2 hyperref configuration of TeXLive
)
Package hyperref Info: Hyper figures OFF on input line 2975.
Package hyperref Info: Link nesting OFF on input line 2980.
Package hyperref Info: Hyper index ON on input line 2983.
Package hyperref Info: Plain pages OFF on input line 2990.
Package hyperref Info: Backreferencing OFF on input line 2995.

Implicit mode ON; LaTeX internals redefined
Package hyperref Info: Bookmarks ON on input line 3191.
(/usr/share/texmf-texlive/tex/latex/ltxmisc/url.sty
\Urlmuskip=\muskip10
Package: url 2006/04/12  ver 3.3  Verb mode for urls, etc.
)
LaTeX Info: Redefining \url on input line 3428.

(/usr/share/texmf-texlive/tex/generic/oberdiek/bitset.sty
Package: bitset 2007/09/28 v1.0 Data type bit set (HO)

(/usr/share/texmf-texlive/tex/generic/oberdiek/intcalc.sty
Package: intcalc 2007/09/27 v1.1 Expandable integer calculations (HO)
)
(/usr/share/texmf-texlive/tex/generic/oberdiek/bigintcalc.sty
Package: bigintcalc 2007/11/11 v1.1 Expandable big integer calculations (HO)
))
\Fld@menulength=\count101
\Field@Width=\dimen110
\Fld@charsize=\dimen111
\Field@toks=\toks16
Package hyperref Info: Hyper figures OFF on input line 4377.
Package hyperref Info: Link nesting OFF on input line 4382.
Package hyperref Info: Hyper index ON on input line 4385.
Package hyperref Info: backreferencing OFF on input line 4392.
Package hyperref Info: Link coloring OFF on input line 4397.
Package hyperref Info: Link coloring with OCG OFF on input line 4402.
Package hyperref Info: PDF/A mode OFF on input line 4407.

(/usr/share/texmf-texlive/tex/generic/oberdiek/atbegshi.sty
Package: atbegshi 2008/07/31 v1.9 At begin shipout hook (HO)
)
\Hy@abspage=\count102
\c@Item=\count103
\c@Hfootnote=\count104
)
*hyperref using default driver hpdftex*
(/usr/share/texmf-texlive/tex/latex/hyperref/hpdftex.def
File: hpdftex.def 2009/10/09 v6.79a Hyperref driver for pdfTeX
\Fld@listcount=\count105
)
(/usr/share/texmf-texlive/tex/latex/psnfss/mathptmx.sty
Package: mathptmx 2005/04/12 PSNFSS-v9.2a Times w/ Math, improved (SPQR, WaS) 
LaTeX Font Info:    Redeclaring symbol font `operators' on input line 28.
LaTeX Font Info:    Overwriting symbol font `operators' in version `normal'
(Font)                  OT1/cmr/m/n --> OT1/ztmcm/m/n on input line 28.
LaTeX Font Info:    Overwriting symbol font `operators' in version `bold'
(Font)                  OT1/cmr/bx/n --> OT1/ztmcm/m/n on input line 28.
LaTeX Font Info:    Redeclaring symbol font `letters' on input line 29.
LaTeX Font Info:    Overwriting symbol font `letters' in version `normal'
(Font)                  OML/cmm/m/it --> OML/ztmcm/m/it on input line 29.
LaTeX Font Info:    Overwriting symbol font `letters' in version `bold'
(Font)                  OML/cmm/b/it --> OML/ztmcm/m/it on input line 29.
LaTeX Font Info:    Redeclaring symbol font `symbols' on input line 30.
LaTeX Font Info:    Overwriting symbol font `symbols' in version `normal'
(Font)                  OMS/cmsy/m/n --> OMS/ztmcm/m/n on input line 30.
LaTeX Font Info:    Overwriting symbol font `symbols' in version `bold'
(Font)                  OMS/cmsy/b/n --> OMS/ztmcm/m/n on input line 30.
LaTeX Font Info:    Redeclaring symbol font `largesymbols' on input line 31.
LaTeX Font Info:    Overwriting symbol font `largesymbols' in version `normal'
(Font)                  OMX/cmex/m/n --> OMX/ztmcm/m/n on input line 31.
LaTeX Font Info:    Overwriting symbol font `largesymbols' in version `bold'
(Font)                  OMX/cmex/m/n --> OMX/ztmcm/m/n on input line 31.
\symbold=\mathgroup4
\symitalic=\mathgroup5
LaTeX Font Info:    Redeclaring math alphabet \mathbf on input line 34.
LaTeX Font Info:    Overwriting math alphabet `\mathbf' in version `normal'
(Font)                  OT1/cmr/bx/n --> OT1/ptm/bx/n on input line 34.
LaTeX Font Info:    Overwriting math alphabet `\mathbf' in version `bold'
(Font)                  OT1/cmr/bx/n --> OT1/ptm/bx/n on input line 34.
LaTeX Font Info:    Redeclaring math alphabet \mathit on input line 35.
LaTeX Font Info:    Overwriting math alphabet `\mathit' in version `normal'
(Font)                  OT1/cmr/m/it --> OT1/ptm/m/it on input line 35.
LaTeX Font Info:    Overwriting math alphabet `\mathit' in version `bold'
(Font)                  OT1/cmr/bx/it --> OT1/ptm/m/it on input line 35.
LaTeX Info: Redefining \hbar on input line 50.
)
Package hyperref Info: Option `colorlinks' set `true' on input line 29.
 (./rcu_report.aux)
\openout1 = `rcu_report.aux'.

LaTeX Font Info:    Checking defaults for OML/cmm/m/it on input line 33.
LaTeX Font Info:    ... okay on input line 33.
LaTeX Font Info:    Checking defaults for T1/cmr/m/n on input line 33.
LaTeX Font Info:    ... okay on input line 33.
LaTeX Font Info:    Checking defaults for OT1/cmr/m/n on input line 33.
LaTeX Font Info:    ... okay on input line 33.
LaTeX Font Info:    Checking defaults for OMS/cmsy/m/n on input line 33.
LaTeX Font Info:    ... okay on input line 33.
LaTeX Font Info:    Checking defaults for OMX/cmex/m/n on input line 33.
LaTeX Font Info:    ... okay on input line 33.
LaTeX Font Info:    Checking defaults for U/cmr/m/n on input line 33.
LaTeX Font Info:    ... okay on input line 33.
LaTeX Font Info:    Checking defaults for PD1/pdf/m/n on input line 33.
LaTeX Font Info:    ... okay on input line 33.
LaTeX Font Info:    Try loading font information for OT1+ptm on input line 33.

(/usr/share/texmf-texlive/tex/latex/psnfss/ot1ptm.fd
File: ot1ptm.fd 2001/06/04 font definitions for OT1/ptm.
)
(/usr/share/texmf/tex/context/base/supp-pdf.mkii
[Loading MPS to PDF converter (version 2006.09.02).]
\scratchcounter=\count106
\scratchdimen=\dimen112
\scratchbox=\box29
\nofMPsegments=\count107
\nofMParguments=\count108
\everyMPshowfont=\toks17
\MPscratchCnt=\count109
\MPscratchDim=\dimen113
\MPnumerator=\count110
\everyMPtoPDFconversion=\toks18
)
\c@lstlisting=\count111
 (/usr/share/texmf-texlive/tex/latex/graphics/color.sty
Package: color 2005/11/14 v1.0j Standard LaTeX Color (DPC)

(/etc/texmf/tex/latex/config/color.cfg
File: color.cfg 2007/01/18 v1.5 color configuration of teTeX/TeXLive
)
Package color Info: Driver file: pdftex.def on input line 130.
)
Package hyperref Info: Link coloring ON on input line 33.

(/usr/share/texmf-texlive/tex/latex/hyperref/nameref.sty
Package: nameref 2007/05/29 v2.31 Cross-referencing by name of section

(/usr/share/texmf-texlive/tex/latex/oberdiek/refcount.sty
Package: refcount 2008/08/11 v3.1 Data extraction from references (HO)
)
\c@section@level=\count112
)
LaTeX Info: Redefining \ref on input line 33.
LaTeX Info: Redefining \pageref on input line 33.
 (./rcu_report.out)
(./rcu_report.out)
\@outlinefile=\write4
\openout4 = `rcu_report.out'.

\AtBeginShipoutBox=\box30
\big@size=\dimen114
LaTeX Font Info:    Try loading font information for OT1+ztmcm on input line 47
.
 (/usr/share/texmf-texlive/tex/latex/psnfss/ot1ztmcm.fd
File: ot1ztmcm.fd 2000/01/03 Fontinst v1.801 font definitions for OT1/ztmcm.
)
LaTeX Font Info:    Try loading font information for OML+ztmcm on input line 47
.

(/usr/share/texmf-texlive/tex/latex/psnfss/omlztmcm.fd
File: omlztmcm.fd 2000/01/03 Fontinst v1.801 font definitions for OML/ztmcm.
)
LaTeX Font Info:    Try loading font information for OMS+ztmcm on input line 47
.

(/usr/share/texmf-texlive/tex/latex/psnfss/omsztmcm.fd
File: omsztmcm.fd 2000/01/03 Fontinst v1.801 font definitions for OMS/ztmcm.
)
LaTeX Font Info:    Try loading font information for OMX+ztmcm on input line 47
.

(/usr/share/texmf-texlive/tex/latex/psnfss/omxztmcm.fd
File: omxztmcm.fd 2000/01/03 Fontinst v1.801 font definitions for OMX/ztmcm.
)
LaTeX Font Info:    Font shape `OT1/ptm/bx/n' in size <12> not available
(Font)              Font shape `OT1/ptm/b/n' tried instead on input line 47.
LaTeX Font Info:    Font shape `OT1/ptm/bx/n' in size <9> not available
(Font)              Font shape `OT1/ptm/b/n' tried instead on input line 47.
LaTeX Font Info:    Font shape `OT1/ptm/bx/n' in size <7> not available
(Font)              Font shape `OT1/ptm/b/n' tried instead on input line 47.
 [1

{/var/lib/texmf/fonts/map/pdftex/updmap/pdftex.map}]
LaTeX Font Info:    Font shape `OT1/ptm/bx/n' in size <14.4> not available
(Font)              Font shape `OT1/ptm/b/n' tried instead on input line 49.

Underfull \hbox (badness 10000) in paragraph at lines 50--52

 []


Underfull \hbox (badness 10000) in paragraph at lines 53--58

 []


Underfull \hbox (badness 10000) in paragraph at lines 53--58

 []


Underfull \hbox (badness 10000) in paragraph at lines 53--58

 []


Underfull \hbox (badness 10000) in paragraph at lines 53--58

 []

[2]
Overfull \hbox (0.82661pt too wide) in paragraph at lines 59--62
\OT1/ptm/m/it/10 Routebricks \OT1/ptm/m/n/10 [[]] pro-poses an ar-chi-tec-ture 
which en-ables higher packet pro-cess-ing speeds
 []


Underfull \hbox (badness 10000) in paragraph at lines 59--62

 []


Underfull \hbox (badness 10000) in paragraph at lines 59--62

 []

LaTeX Font Info:    Font shape `OT1/ptm/bx/n' in size <10> not available
(Font)              Font shape `OT1/ptm/b/n' tried instead on input line 67.
LaTeX Font Info:    Font shape `OT1/ptm/bx/n' in size <7.4> not available
(Font)              Font shape `OT1/ptm/b/n' tried instead on input line 68.
LaTeX Font Info:    Font shape `OT1/ptm/bx/n' in size <6> not available
(Font)              Font shape `OT1/ptm/b/n' tried instead on input line 68.
Package epstopdf Info: Source file: <../images/diagrams/radixtree2.eps>
(epstopdf)                    date: 2012-01-08 18:43:50
(epstopdf)                    size: 79548 bytes
(epstopdf)             Output file: <../images/diagrams/radixtree2-eps-converte
d-to.pdf>
(epstopdf)                    date: 2012-01-08 18:43:51
(epstopdf)                    size: 27365 bytes
(epstopdf)             Command: <epstopdf --outfile=../images/diagrams/radixtre
e2-eps-converted-to.pdf ../images/diagrams/radixtree2.eps>
(epstopdf)             \includegraphics on input line 70.
Package epstopdf Info: Output file is already uptodate.

<../images/diagrams/radixtree2-eps-converted-to.pdf, id=127, 1679.27374pt x 757
.83125pt>
File: ../images/diagrams/radixtree2-eps-converted-to.pdf Graphic file (type pdf
)
 <use ../images/diagrams/radixtree2-eps-converted-to.pdf>
LaTeX Font Info:    Try loading font information for OT1+pcr on input line 75.

(/usr/share/texmf-texlive/tex/latex/psnfss/ot1pcr.fd
File: ot1pcr.fd 2001/06/04 font definitions for OT1/pcr.
) [3] [4 <../images/diagrams/radixtree2-eps-converted-to.pdf>]
Underfull \hbox (badness 10000) in paragraph at lines 106--126

 []


Underfull \hbox (badness 10000) in paragraph at lines 127--129

 []


Underfull \hbox (badness 10000) in paragraph at lines 131--133

 []


Overfull \hbox (3.6768pt too wide) in paragraph at lines 131--133
\OT1/ptm/m/n/10 Con-flicts) and un-safe ac-cess caused by con-cur-rent read-ers
 and up-daters (Reader-Updater
 []

[5]
Underfull \hbox (badness 10000) in paragraph at lines 136--138

 []

[6]
Underfull \hbox (badness 10000) in paragraph at lines 161--163

 []

[7]
Underfull \hbox (badness 10000) in paragraph at lines 198--200

 []


Underfull \hbox (badness 10000) in paragraph at lines 201--208

 []


Underfull \hbox (badness 10000) in paragraph at lines 201--208

 []


Underfull \hbox (badness 10000) in paragraph at lines 201--208

 []

LaTeX Font Info:    Font shape `OT1/ptm/bx/it' in size <10> not available
(Font)              Font shape `OT1/ptm/b/it' tried instead on input line 209.

Overfull \hbox (28.61726pt too wide) in paragraph at lines 209--210
 \OT1/ptm/b/n/10 Case 2: Con-cur-rent up-daters call \OT1/ptm/b/it/10 push[]bac
k()[] \OT1/ptm/m/n/10 Now con-sider the case when []v.push[]back()
 []

[8] [9]
Package epstopdf Info: Source file: <../images/diagrams/race1eps.eps>
(epstopdf)                    date: 2012-01-08 18:43:51
(epstopdf)                    size: 110646 bytes
(epstopdf)             Output file: <../images/diagrams/race1eps-eps-converted-
to.pdf>
(epstopdf)                    date: 2012-01-08 18:43:51
(epstopdf)                    size: 27276 bytes
(epstopdf)             Command: <epstopdf --outfile=../images/diagrams/race1eps
-eps-converted-to.pdf ../images/diagrams/race1eps.eps>
(epstopdf)             \includegraphics on input line 269.
Package epstopdf Info: Output file is already uptodate.

<../images/diagrams/race1eps-eps-converted-to.pdf, id=294, 447.6725pt x 388.451
25pt>
File: ../images/diagrams/race1eps-eps-converted-to.pdf Graphic file (type pdf)
 <use ../images/diagrams/race1eps-eps-converted-to.pdf>
LaTeX Font Info:    Try loading font information for OMS+ptm on input line 275.


(/usr/share/texmf-texlive/tex/latex/psnfss/omsptm.fd
File: omsptm.fd 
)
LaTeX Font Info:    Font shape `OMS/ptm/m/it' in size <10> not available
(Font)              Font shape `OMS/cmsy/m/n' tried instead on input line 275.

Underfull \hbox (badness 10000) in paragraph at lines 262--276

 []


Underfull \hbox (badness 10000) in paragraph at lines 262--276

 []

[10] [11 <../images/diagrams/race1eps-eps-converted-to.pdf>] [12]

pdfTeX warning: pdflatex (file ../images/diagrams/race_reader.pdf): PDF inclusi
on: found PDF version <1.5>, but at most version <1.4> allowed
<../images/diagrams/race_reader.pdf, id=372, 615.0478pt x 795.72281pt>
File: ../images/diagrams/race_reader.pdf Graphic file (type pdf)

<use ../images/diagrams/race_reader.pdf>
Overfull \hbox (35.83153pt too wide) in paragraph at lines 361--362
[][] 
 []


Underfull \hbox (badness 10000) in paragraph at lines 357--368

 []

[13] [14 <../images/diagrams/race_reader.pdf>]
Overfull \hbox (8.00342pt too wide) in paragraph at lines 378--379
[][][][][][][][][][][][][][][][][][][][][][][][][][][] 
 []

[15] [16]
Overfull \hbox (6.03696pt too wide) in paragraph at lines 465--466
 \OT1/ptm/b/n/10 Changes to re-move[]route:[] \OT1/ptm/m/n/10 The is-sues with 
\OT1/ptm/m/it/10 add[]route() \OT1/ptm/m/n/10 also ex-ist with \OT1/ptm/m/it/10
 re-move[]route()\OT1/ptm/m/n/10 .
 []

Package epstopdf Info: Source file: <../images/diagrams/bucketvector.eps>
(epstopdf)                    date: 2012-01-08 18:43:50
(epstopdf)                    size: 19232 bytes
(epstopdf)             Output file: <../images/diagrams/bucketvector-eps-conver
ted-to.pdf>
(epstopdf)                    date: 2012-01-08 18:43:50
(epstopdf)                    size: 7096 bytes
(epstopdf)             Command: <epstopdf --outfile=../images/diagrams/bucketve
ctor-eps-converted-to.pdf ../images/diagrams/bucketvector.eps>
(epstopdf)             \includegraphics on input line 476.
Package epstopdf Info: Output file is already uptodate.

<../images/diagrams/bucketvector-eps-converted-to.pdf, id=472, 762.85pt x 491.8
375pt>
File: ../images/diagrams/bucketvector-eps-converted-to.pdf Graphic file (type p
df)
 <use ../images/diagrams/bucketvector-eps-converted-to.pdf> [17]
Underfull \hbox (badness 10000) in paragraph at lines 514--517

 []


Underfull \hbox (badness 10000) in paragraph at lines 514--517

 []

[18 <../images/diagrams/bucketvector-eps-converted-to.pdf>] [19]
Package epstopdf Info: Source file: <../images/diagrams/rcu.eps>
(epstopdf)                    date: 2012-01-08 18:43:50
(epstopdf)                    size: 54699 bytes
(epstopdf)             Output file: <../images/diagrams/rcu-eps-converted-to.pd
f>
(epstopdf)                    date: 2012-01-08 18:43:51
(epstopdf)                    size: 21067 bytes
(epstopdf)             Command: <epstopdf --outfile=../images/diagrams/rcu-eps-
converted-to.pdf ../images/diagrams/rcu.eps>
(epstopdf)             \includegraphics on input line 562.
Package epstopdf Info: Output file is already uptodate.

<../images/diagrams/rcu-eps-converted-to.pdf, id=544, 1248.665pt x 489.83pt>
File: ../images/diagrams/rcu-eps-converted-to.pdf Graphic file (type pdf)

<use ../images/diagrams/rcu-eps-converted-to.pdf>
Overfull \hbox (41.40237pt too wide) in paragraph at lines 562--564
[][]
 []


Underfull \hbox (badness 10000) in paragraph at lines 556--567

 []


Underfull \hbox (badness 10000) in paragraph at lines 556--567

 []

[20]
Overfull \hbox (21.17685pt too wide) in paragraph at lines 568--569
 \OT1/ptm/b/n/10 Im-ple-men-ta-tion de-tails[] \OT1/ptm/m/n/10 In or-der to mai
n-tain epoch num-bers we in-tro-duce a []\OT1/ptm/m/it/10 thread[]epoch
 []

[21 <../images/diagrams/rcu-eps-converted-to.pdf>]
Underfull \hbox (badness 10000) in paragraph at lines 597--602

 []


LaTeX Warning: File `readers_comparison.png' not found on input line 621.


! Package pdftex.def Error: File `readers_comparison.png' not found.

See the pdftex.def package documentation for explanation.
Type  H <return>  for immediate help.
 ...                                              
                                                  
l.621 }
       
? 

LaTeX Warning: File `rcu_comparison.png' not found on input line 672.


! Package pdftex.def Error: File `rcu_comparison.png' not found.

See the pdftex.def package documentation for explanation.
Type  H <return>  for immediate help.
 ...                                              
                                                  
l.672 }
       
? 

Overfull \hbox (6.50682pt too wide) in paragraph at lines 652--678
 \OT1/ptm/b/n/10 Read-Intensive work-loads[] \OT1/ptm/m/n/10 We now com-pare th
e per-for-mance of RCU over the reader-
 []


Underfull \hbox (badness 10000) in paragraph at lines 652--678

 []

[22] [23]

LaTeX Warning: File `writeintensive.png' not found on input line 700.


! Package pdftex.def Error: File `writeintensive.png' not found.

See the pdftex.def package documentation for explanation.
Type  H <return>  for immediate help.
 ...                                              
                                                  
l.700 }
       
? 
[24]
Underfull \hbox (badness 10000) in paragraph at lines 717--725

 []


Underfull \hbox (badness 10000) in paragraph at lines 758--761

 []

(./167kreader.tex) [25]

LaTeX Warning: File `../images/diagrams/graphs/macro_reader_100k.eps' not found
 on input line 771.

Package epstopdf Info: Source file: <../images/diagrams/graphs/macro_reader_100
k.eps>
(epstopdf)             Output file: <../images/diagrams/graphs/macro_reader_100
k-eps-converted-to.pdf>
(epstopdf)             Command: <epstopdf --outfile=../images/diagrams/graphs/m
acro_reader_100k-eps-converted-to.pdf ../images/diagrams/graphs/macro_reader_10
0k.eps>
(epstopdf)             \includegraphics on input line 771.
Package epstopdf Info: Output file is already uptodate.

! Package pdftex.def Error: File `../images/diagrams/graphs/macro_reader_100k-e
ps-converted-to.pdf' not found.

See the pdftex.def package documentation for explanation.
Type  H <return>  for immediate help.
 ...                                              
                                                  
l.771 ...es/diagrams/graphs/macro_reader_100k.eps}
                                                  
? 

LaTeX Warning: File `../images/diagrams/graphs/macro_writer_100k.eps' not found
 on input line 817.

Package epstopdf Info: Source file: <../images/diagrams/graphs/macro_writer_100
k.eps>
(epstopdf)             Output file: <../images/diagrams/graphs/macro_writer_100
k-eps-converted-to.pdf>
(epstopdf)             Command: <epstopdf --outfile=../images/diagrams/graphs/m
acro_writer_100k-eps-converted-to.pdf ../images/diagrams/graphs/macro_writer_10
0k.eps>
(epstopdf)             \includegraphics on input line 817.
Package epstopdf Info: Output file is already uptodate.

! Package pdftex.def Error: File `../images/diagrams/graphs/macro_writer_100k-e
ps-converted-to.pdf' not found.

See the pdftex.def package documentation for explanation.
Type  H <return>  for immediate help.
 ...                                              
                                                  
l.817 ...es/diagrams/graphs/macro_writer_100k.eps}
                                                  
? 

Underfull \hbox (badness 10000) in paragraph at lines 835--840

 []

[26]
Underfull \hbox (badness 10000) in paragraph at lines 841--847

 []


Underfull \hbox (badness 10000) in paragraph at lines 848--851

 []

[27] (./rcu_report.bbl) [28] (./rcu_report.aux) ) 
Here is how much of TeX's memory you used:
 6552 strings out of 495061
 96568 string characters out of 1182621
 201827 words of memory out of 3000000
 9188 multiletter control sequences out of 15000+50000
 41389 words of font info for 84 fonts, out of 3000000 for 9000
 32 hyphenation exceptions out of 8191
 41i,9n,36p,1170b,1666s stack positions out of 5000i,500n,10000p,200000b,50000s
{/usr/share/texmf-texlive/font
s/enc/dvips/base/8r.enc}</usr/share/texmf-texlive/fonts/type1/public/amsfonts/c
m/cmmi10.pfb></usr/share/texmf-texlive/fonts/type1/public/amsfonts/cm/cmr10.pfb
></usr/share/texmf-texlive/fonts/type1/public/amsfonts/cm/cmsy10.pfb></usr/shar
e/texmf-texlive/fonts/type1/urw/courier/ucrr8a.pfb></usr/share/texmf-texlive/fo
nts/type1/urw/times/utmb8a.pfb></usr/share/texmf-texlive/fonts/type1/urw/times/
utmbi8a.pfb></usr/share/texmf-texlive/fonts/type1/urw/times/utmr8a.pfb></usr/sh
are/texmf-texlive/fonts/type1/urw/times/utmr8a.pfb></usr/share/texmf-texlive/fo
nts/type1/urw/times/utmri8a.pfb>
Output written on rcu_report.pdf (28 pages, 422055 bytes).
PDF statistics:
 772 PDF objects out of 1000 (max. 8388607)
 407 named destinations out of 1000 (max. 500000)
 234 words of extra memory for PDF output out of 10000 (max. 10000000)

