\BOOKMARK [1][-]{section.1}{Introduction}{}
\BOOKMARK [1][-]{section.2}{Related Work}{}
\BOOKMARK [1][-]{section.3}{Background}{}
\BOOKMARK [2][-]{subsection.3.1}{An Overview of RadixIPLookup}{section.3}
\BOOKMARK [3][-]{subsubsection.3.1.1}{The Radix Tree}{subsection.3.1}
\BOOKMARK [3][-]{subsubsection.3.1.2}{Route Vector for RadixIPLookup}{subsection.3.1}
\BOOKMARK [1][-]{section.4}{The Problem}{}
\BOOKMARK [2][-]{subsection.4.1}{Correctness}{section.4}
\BOOKMARK [2][-]{subsection.4.2}{Updater-Updater Conflicts}{section.4}
\BOOKMARK [3][-]{subsubsection.4.2.1}{Case 1: Concurrent updaters use the freelist.}{subsection.4.2}
\BOOKMARK [3][-]{subsubsection.4.2.2}{Case 2: Concurrent updaters call push\137back\(\). }{subsection.4.2}
\BOOKMARK [3][-]{subsubsection.4.2.3}{Verifying conflicts in Click}{subsection.4.2}
\BOOKMARK [2][-]{subsection.4.3}{Reader-Updater Conflicts}{section.4}
\BOOKMARK [3][-]{subsubsection.4.3.1}{Reader-Updater conflicts in the Vector}{subsection.4.3}
\BOOKMARK [3][-]{subsubsection.4.3.2}{Reader-Updater Conflicts in the Radix Tree}{subsection.4.3}
\BOOKMARK [3][-]{subsubsection.4.3.3}{Verifying conflicts in Click}{subsection.4.3}
\BOOKMARK [1][-]{section.5}{The Solution}{}
\BOOKMARK [2][-]{subsection.5.1}{Read-Copy Update}{section.5}
\BOOKMARK [3][-]{subsubsection.5.1.1}{Conceptual Overview}{subsection.5.1}
\BOOKMARK [3][-]{subsubsection.5.1.2}{RCU Using Timers}{subsection.5.1}
\BOOKMARK [3][-]{subsubsection.5.1.3}{RCU Using The Click Scheduling Loop}{subsection.5.1}
\BOOKMARK [3][-]{subsubsection.5.1.4}{Protecting against Updater-Updater Conflicts}{subsection.5.1}
\BOOKMARK [3][-]{subsubsection.5.1.5}{The RCU API for Userlevel Click elements}{subsection.5.1}
\BOOKMARK [2][-]{subsection.5.2}{Reader-Writer Lock}{section.5}
\BOOKMARK [2][-]{subsection.5.3}{Performance Hypothesis}{section.5}
\BOOKMARK [1][-]{section.6}{Performance Evaluation}{}
\BOOKMARK [2][-]{subsection.6.1}{Experimental Setup}{section.6}
\BOOKMARK [2][-]{subsection.6.2}{Macro-benchmarks}{section.6}
\BOOKMARK [3][-]{subsubsection.6.2.1}{Pure Reader Workload}{subsection.6.2}
\BOOKMARK [3][-]{subsubsection.6.2.2}{Read Intensive Workload With One Writer}{subsection.6.2}
\BOOKMARK [3][-]{subsubsection.6.2.3}{Write Intensive Workloads}{subsection.6.2}
\BOOKMARK [2][-]{subsection.6.3}{Micro-benchmarks}{section.6}
\BOOKMARK [1][-]{section.7}{Conclusion}{}
\BOOKMARK [1][-]{section.8}{Future Work}{}
\BOOKMARK [1][-]{appendix.A}{Source Code}{}
\BOOKMARK [2][-]{subsection.A.1}{Getting the Source Code}{appendix.A}
\BOOKMARK [2][-]{subsection.A.2}{Running Benchmarks}{appendix.A}
